\BOOKMARK [1][-]{section.1}{Introduction}{}% 1
\BOOKMARK [2][-]{subsection.1.1}{Purpose and Scope}{section.1}% 2
\BOOKMARK [2][-]{subsection.1.2}{Definitions, Acronyms, Abbreviations}{section.1}% 3
\BOOKMARK [3][-]{subsubsection.1.2.1}{Definitions}{subsection.1.2}% 4
\BOOKMARK [3][-]{subsubsection.1.2.2}{Acronyms}{subsection.1.2}% 5
\BOOKMARK [2][-]{subsection.1.3}{Reference Documents}{section.1}% 6
\BOOKMARK [2][-]{subsection.1.4}{Overview}{section.1}% 7
\BOOKMARK [1][-]{section.2}{Implemented requirements}{}% 8
\BOOKMARK [2][-]{subsection.2.1}{Third Party Registration}{section.2}% 9
\BOOKMARK [2][-]{subsection.2.2}{Individual Registration}{section.2}% 10
\BOOKMARK [2][-]{subsection.2.3}{Third Party Login}{section.2}% 11
\BOOKMARK [2][-]{subsection.2.4}{Individual Login}{section.2}% 12
\BOOKMARK [2][-]{subsection.2.5}{Individual Data Manager}{section.2}% 13
\BOOKMARK [2][-]{subsection.2.6}{Individual Notifications}{section.2}% 14
\BOOKMARK [2][-]{subsection.2.7}{Individual Settings Management}{section.2}% 15
\BOOKMARK [2][-]{subsection.2.8}{Individual SOS Call}{section.2}% 16
\BOOKMARK [2][-]{subsection.2.9}{Third Party Notifications}{section.2}% 17
\BOOKMARK [2][-]{subsection.2.10}{Third Party Settings Management}{section.2}% 18
\BOOKMARK [2][-]{subsection.2.11}{Third Party Individual Request}{section.2}% 19
\BOOKMARK [2][-]{subsection.2.12}{Third Party Anonymous Request}{section.2}% 20
\BOOKMARK [1][-]{section.3}{Adopted Frameworks}{}% 21
\BOOKMARK [2][-]{subsection.3.1}{Spring Boot}{section.3}% 22
\BOOKMARK [2][-]{subsection.3.2}{AngularJS}{section.3}% 23
\BOOKMARK [2][-]{subsection.3.3}{Ionic}{section.3}% 24
\BOOKMARK [2][-]{subsection.3.4}{Drawbacks}{section.3}% 25
\BOOKMARK [1][-]{section.4}{Source Code Structure}{}% 26
\BOOKMARK [2][-]{subsection.4.1}{Back End}{section.4}% 27
\BOOKMARK [2][-]{subsection.4.2}{Front End}{section.4}% 28
\BOOKMARK [1][-]{section.5}{Testing}{}% 29
\BOOKMARK [1][-]{section.6}{Installation Instructions}{}% 30
\BOOKMARK [1][-]{section.7}{Source Code Structure}{}% 31
\BOOKMARK [2][-]{subsection.7.1}{Romeo Paolo}{section.7}% 32
\BOOKMARK [2][-]{subsection.7.2}{Scotti Andrea}{section.7}% 33
\BOOKMARK [2][-]{subsection.7.3}{Staccone Francesco}{section.7}% 34
